Compiling the C compiler identification source file "CMakeCCompilerId.c" failed.
Compiler: CMAKE_C_COMPILER-NOTFOUND 
Build flags: 
Id flags:  

The output was:
No such file or directory


Compiling the C compiler identification source file "CMakeCCompilerId.c" failed.
Compiler: CMAKE_C_COMPILER-NOTFOUND 
Build flags: 
Id flags: -c 

The output was:
No such file or directory


Compiling the C compiler identification source file "CMakeCCompilerId.c" failed.
Compiler: CMAKE_C_COMPILER-NOTFOUND 
Build flags: 
Id flags: -Aa 

The output was:
No such file or directory


Compiling the C compiler identification source file "CMakeCCompilerId.c" failed.
Compiler: CMAKE_C_COMPILER-NOTFOUND 
Build flags: 
Id flags: -D__CLASSIC_C__ 

The output was:
No such file or directory


Compiling the C compiler identification source file "CMakeCCompilerId.c" failed.
Compiler: CMAKE_C_COMPILER-NOTFOUND 
Build flags: 
Id flags: --target=arm-arm-none-eabi;-mcpu=cortex-m3 

The output was:
No such file or directory


Compiling the C compiler identification source file "CMakeCCompilerId.c" failed.
Compiler: CMAKE_C_COMPILER-NOTFOUND 
Build flags: 
Id flags:  

The output was:
No such file or directory


Compiling the C compiler identification source file "CMakeCCompilerId.c" failed.
Compiler: CMAKE_C_COMPILER-NOTFOUND 
Build flags: 
Id flags: -c 

The output was:
No such file or directory


Compiling the C compiler identification source file "CMakeCCompilerId.c" failed.
Compiler: CMAKE_C_COMPILER-NOTFOUND 
Build flags: 
Id flags: -Aa 

The output was:
No such file or directory


Compiling the C compiler identification source file "CMakeCCompilerId.c" failed.
Compiler: CMAKE_C_COMPILER-NOTFOUND 
Build flags: 
Id flags: -D__CLASSIC_C__ 

The output was:
No such file or directory


Compiling the C compiler identification source file "CMakeCCompilerId.c" failed.
Compiler: CMAKE_C_COMPILER-NOTFOUND 
Build flags: 
Id flags: --target=arm-arm-none-eabi;-mcpu=cortex-m3 

The output was:
No such file or directory


Compiling the CXX compiler identification source file "CMakeCXXCompilerId.cpp" failed.
Compiler: CMAKE_CXX_COMPILER-NOTFOUND 
Build flags: 
Id flags:  

The output was:
No such file or directory


Compiling the CXX compiler identification source file "CMakeCXXCompilerId.cpp" failed.
Compiler: CMAKE_CXX_COMPILER-NOTFOUND 
Build flags: 
Id flags: -c 

The output was:
No such file or directory


Compiling the CXX compiler identification source file "CMakeCXXCompilerId.cpp" failed.
Compiler: CMAKE_CXX_COMPILER-NOTFOUND 
Build flags: 
Id flags: --c++ 

The output was:
No such file or directory


Compiling the CXX compiler identification source file "CMakeCXXCompilerId.cpp" failed.
Compiler: CMAKE_CXX_COMPILER-NOTFOUND 
Build flags: 
Id flags: --ec++ 

The output was:
No such file or directory


Compiling the CXX compiler identification source file "CMakeCXXCompilerId.cpp" failed.
Compiler: CMAKE_CXX_COMPILER-NOTFOUND 
Build flags: 
Id flags: --target=arm-arm-none-eabi;-mcpu=cortex-m3 

The output was:
No such file or directory


Compiling the CXX compiler identification source file "CMakeCXXCompilerId.cpp" failed.
Compiler: CMAKE_CXX_COMPILER-NOTFOUND 
Build flags: 
Id flags:  

The output was:
No such file or directory


Compiling the CXX compiler identification source file "CMakeCXXCompilerId.cpp" failed.
Compiler: CMAKE_CXX_COMPILER-NOTFOUND 
Build flags: 
Id flags: -c 

The output was:
No such file or directory


Compiling the CXX compiler identification source file "CMakeCXXCompilerId.cpp" failed.
Compiler: CMAKE_CXX_COMPILER-NOTFOUND 
Build flags: 
Id flags: --c++ 

The output was:
No such file or directory


Compiling the CXX compiler identification source file "CMakeCXXCompilerId.cpp" failed.
Compiler: CMAKE_CXX_COMPILER-NOTFOUND 
Build flags: 
Id flags: --ec++ 

The output was:
No such file or directory


Compiling the CXX compiler identification source file "CMakeCXXCompilerId.cpp" failed.
Compiler: CMAKE_CXX_COMPILER-NOTFOUND 
Build flags: 
Id flags: --target=arm-arm-none-eabi;-mcpu=cortex-m3 

The output was:
No such file or directory


Compiling the C compiler identification source file "CMakeCCompilerId.c" failed.
Compiler: CMAKE_C_COMPILER-NOTFOUND 
Build flags: 
Id flags:  

The output was:
No such file or directory


Compiling the C compiler identification source file "CMakeCCompilerId.c" failed.
Compiler: CMAKE_C_COMPILER-NOTFOUND 
Build flags: 
Id flags: -c 

The output was:
No such file or directory


Compiling the C compiler identification source file "CMakeCCompilerId.c" failed.
Compiler: CMAKE_C_COMPILER-NOTFOUND 
Build flags: 
Id flags: -Aa 

The output was:
No such file or directory


Compiling the C compiler identification source file "CMakeCCompilerId.c" failed.
Compiler: CMAKE_C_COMPILER-NOTFOUND 
Build flags: 
Id flags: -D__CLASSIC_C__ 

The output was:
No such file or directory


Compiling the C compiler identification source file "CMakeCCompilerId.c" failed.
Compiler: CMAKE_C_COMPILER-NOTFOUND 
Build flags: 
Id flags: --target=arm-arm-none-eabi;-mcpu=cortex-m3 

The output was:
No such file or directory


Compiling the C compiler identification source file "CMakeCCompilerId.c" failed.
Compiler: CMAKE_C_COMPILER-NOTFOUND 
Build flags: 
Id flags:  

The output was:
No such file or directory


Compiling the C compiler identification source file "CMakeCCompilerId.c" failed.
Compiler: CMAKE_C_COMPILER-NOTFOUND 
Build flags: 
Id flags: -c 

The output was:
No such file or directory


Compiling the C compiler identification source file "CMakeCCompilerId.c" failed.
Compiler: CMAKE_C_COMPILER-NOTFOUND 
Build flags: 
Id flags: -Aa 

The output was:
No such file or directory


Compiling the C compiler identification source file "CMakeCCompilerId.c" failed.
Compiler: CMAKE_C_COMPILER-NOTFOUND 
Build flags: 
Id flags: -D__CLASSIC_C__ 

The output was:
No such file or directory


Compiling the C compiler identification source file "CMakeCCompilerId.c" failed.
Compiler: CMAKE_C_COMPILER-NOTFOUND 
Build flags: 
Id flags: --target=arm-arm-none-eabi;-mcpu=cortex-m3 

The output was:
No such file or directory


Compiling the CXX compiler identification source file "CMakeCXXCompilerId.cpp" failed.
Compiler: CMAKE_CXX_COMPILER-NOTFOUND 
Build flags: 
Id flags:  

The output was:
No such file or directory


Compiling the CXX compiler identification source file "CMakeCXXCompilerId.cpp" failed.
Compiler: CMAKE_CXX_COMPILER-NOTFOUND 
Build flags: 
Id flags: -c 

The output was:
No such file or directory


Compiling the CXX compiler identification source file "CMakeCXXCompilerId.cpp" failed.
Compiler: CMAKE_CXX_COMPILER-NOTFOUND 
Build flags: 
Id flags: --c++ 

The output was:
No such file or directory


Compiling the CXX compiler identification source file "CMakeCXXCompilerId.cpp" failed.
Compiler: CMAKE_CXX_COMPILER-NOTFOUND 
Build flags: 
Id flags: --ec++ 

The output was:
No such file or directory


Compiling the CXX compiler identification source file "CMakeCXXCompilerId.cpp" failed.
Compiler: CMAKE_CXX_COMPILER-NOTFOUND 
Build flags: 
Id flags: --target=arm-arm-none-eabi;-mcpu=cortex-m3 

The output was:
No such file or directory


Compiling the CXX compiler identification source file "CMakeCXXCompilerId.cpp" failed.
Compiler: CMAKE_CXX_COMPILER-NOTFOUND 
Build flags: 
Id flags:  

The output was:
No such file or directory


Compiling the CXX compiler identification source file "CMakeCXXCompilerId.cpp" failed.
Compiler: CMAKE_CXX_COMPILER-NOTFOUND 
Build flags: 
Id flags: -c 

The output was:
No such file or directory


Compiling the CXX compiler identification source file "CMakeCXXCompilerId.cpp" failed.
Compiler: CMAKE_CXX_COMPILER-NOTFOUND 
Build flags: 
Id flags: --c++ 

The output was:
No such file or directory


Compiling the CXX compiler identification source file "CMakeCXXCompilerId.cpp" failed.
Compiler: CMAKE_CXX_COMPILER-NOTFOUND 
Build flags: 
Id flags: --ec++ 

The output was:
No such file or directory


Compiling the CXX compiler identification source file "CMakeCXXCompilerId.cpp" failed.
Compiler: CMAKE_CXX_COMPILER-NOTFOUND 
Build flags: 
Id flags: --target=arm-arm-none-eabi;-mcpu=cortex-m3 

The output was:
No such file or directory


Performing C SOURCE FILE Test CMAKE_HAVE_LIBC_PTHREAD failed with the following output:
Change Dir: /root/catkin_ws/build/CMakeFiles/CMakeTmp

Run Build Command(s):/usr/bin/make cmTC_5f524/fast && /usr/bin/make -f CMakeFiles/cmTC_5f524.dir/build.make CMakeFiles/cmTC_5f524.dir/build
make[1]: Entering directory '/root/catkin_ws/build/CMakeFiles/CMakeTmp'
Building C object CMakeFiles/cmTC_5f524.dir/src.c.o
/usr/bin/cc   -DCMAKE_HAVE_LIBC_PTHREAD   -o CMakeFiles/cmTC_5f524.dir/src.c.o   -c /root/catkin_ws/build/CMakeFiles/CMakeTmp/src.c
Linking C executable cmTC_5f524
/usr/bin/cmake -E cmake_link_script CMakeFiles/cmTC_5f524.dir/link.txt --verbose=1
/usr/bin/cc  -DCMAKE_HAVE_LIBC_PTHREAD    -rdynamic CMakeFiles/cmTC_5f524.dir/src.c.o  -o cmTC_5f524 
/usr/bin/ld: CMakeFiles/cmTC_5f524.dir/src.c.o: in function `main':
src.c:(.text+0x46): undefined reference to `pthread_create'
/usr/bin/ld: src.c:(.text+0x52): undefined reference to `pthread_detach'
/usr/bin/ld: src.c:(.text+0x63): undefined reference to `pthread_join'
collect2: error: ld returned 1 exit status
make[1]: *** [CMakeFiles/cmTC_5f524.dir/build.make:87: cmTC_5f524] Error 1
make[1]: Leaving directory '/root/catkin_ws/build/CMakeFiles/CMakeTmp'
make: *** [Makefile:121: cmTC_5f524/fast] Error 2


Source file was:
#include <pthread.h>

void* test_func(void* data)
{
  return data;
}

int main(void)
{
  pthread_t thread;
  pthread_create(&thread, NULL, test_func, NULL);
  pthread_detach(thread);
  pthread_join(thread, NULL);
  pthread_atfork(NULL, NULL, NULL);
  pthread_exit(NULL);

  return 0;
}

Determining if the function pthread_create exists in the pthreads failed with the following output:
Change Dir: /root/catkin_ws/build/CMakeFiles/CMakeTmp

Run Build Command(s):/usr/bin/make cmTC_d95a4/fast && /usr/bin/make -f CMakeFiles/cmTC_d95a4.dir/build.make CMakeFiles/cmTC_d95a4.dir/build
make[1]: Entering directory '/root/catkin_ws/build/CMakeFiles/CMakeTmp'
Building C object CMakeFiles/cmTC_d95a4.dir/CheckFunctionExists.c.o
/usr/bin/cc   -DCHECK_FUNCTION_EXISTS=pthread_create   -o CMakeFiles/cmTC_d95a4.dir/CheckFunctionExists.c.o   -c /usr/share/cmake-3.16/Modules/CheckFunctionExists.c
Linking C executable cmTC_d95a4
/usr/bin/cmake -E cmake_link_script CMakeFiles/cmTC_d95a4.dir/link.txt --verbose=1
/usr/bin/cc  -DCHECK_FUNCTION_EXISTS=pthread_create    -rdynamic CMakeFiles/cmTC_d95a4.dir/CheckFunctionExists.c.o  -o cmTC_d95a4  -lpthreads 
/usr/bin/ld: cannot find -lpthreads
collect2: error: ld returned 1 exit status
make[1]: *** [CMakeFiles/cmTC_d95a4.dir/build.make:87: cmTC_d95a4] Error 1
make[1]: Leaving directory '/root/catkin_ws/build/CMakeFiles/CMakeTmp'
make: *** [Makefile:121: cmTC_d95a4/fast] Error 2



Determining if the function sgemm_ exists failed with the following output:
Change Dir: /root/catkin_ws/build/CMakeFiles/CMakeTmp

Run Build Command(s):/usr/bin/make cmTC_2fd0e/fast && /usr/bin/make -f CMakeFiles/cmTC_2fd0e.dir/build.make CMakeFiles/cmTC_2fd0e.dir/build
make[1]: Entering directory '/root/catkin_ws/build/CMakeFiles/CMakeTmp'
Building C object CMakeFiles/cmTC_2fd0e.dir/CheckFunctionExists.c.o
/usr/bin/cc   -DCHECK_FUNCTION_EXISTS=sgemm_   -o CMakeFiles/cmTC_2fd0e.dir/CheckFunctionExists.c.o   -c /usr/share/cmake-3.16/Modules/CheckFunctionExists.c
Linking C executable cmTC_2fd0e
/usr/bin/cmake -E cmake_link_script CMakeFiles/cmTC_2fd0e.dir/link.txt --verbose=1
/usr/bin/cc  -DCHECK_FUNCTION_EXISTS=sgemm_    -rdynamic CMakeFiles/cmTC_2fd0e.dir/CheckFunctionExists.c.o  -o cmTC_2fd0e 
/usr/bin/ld: CMakeFiles/cmTC_2fd0e.dir/CheckFunctionExists.c.o: in function `main':
CheckFunctionExists.c:(.text+0x14): undefined reference to `sgemm_'
collect2: error: ld returned 1 exit status
make[1]: *** [CMakeFiles/cmTC_2fd0e.dir/build.make:87: cmTC_2fd0e] Error 1
make[1]: Leaving directory '/root/catkin_ws/build/CMakeFiles/CMakeTmp'
make: *** [Makefile:121: cmTC_2fd0e/fast] Error 2



Determining if the function cheev_ exists failed with the following output:
Change Dir: /root/catkin_ws/build/CMakeFiles/CMakeTmp

Run Build Command(s):/usr/bin/make cmTC_a1c64/fast && /usr/bin/make -f CMakeFiles/cmTC_a1c64.dir/build.make CMakeFiles/cmTC_a1c64.dir/build
make[1]: Entering directory '/root/catkin_ws/build/CMakeFiles/CMakeTmp'
Building C object CMakeFiles/cmTC_a1c64.dir/CheckFunctionExists.c.o
/usr/bin/cc   -DCHECK_FUNCTION_EXISTS=cheev_   -o CMakeFiles/cmTC_a1c64.dir/CheckFunctionExists.c.o   -c /usr/share/cmake-3.16/Modules/CheckFunctionExists.c
Linking C executable cmTC_a1c64
/usr/bin/cmake -E cmake_link_script CMakeFiles/cmTC_a1c64.dir/link.txt --verbose=1
/usr/bin/cc  -DCHECK_FUNCTION_EXISTS=cheev_    -rdynamic CMakeFiles/cmTC_a1c64.dir/CheckFunctionExists.c.o  -o cmTC_a1c64  /usr/lib/x86_64-linux-gnu/libblas.so 
/usr/bin/ld: CMakeFiles/cmTC_a1c64.dir/CheckFunctionExists.c.o: in function `main':
CheckFunctionExists.c:(.text+0x14): undefined reference to `cheev_'
collect2: error: ld returned 1 exit status
make[1]: *** [CMakeFiles/cmTC_a1c64.dir/build.make:88: cmTC_a1c64] Error 1
make[1]: Leaving directory '/root/catkin_ws/build/CMakeFiles/CMakeTmp'
make: *** [Makefile:121: cmTC_a1c64/fast] Error 2



